<?xml version="1.0" encoding="UTF-8"?>
<!-- Generated by org.testng.reporters.JUnitReportReporter -->
<testsuite hostname="ISBLT-9310" failures="0" tests="1" name="com.apdr.testcases.AutherLogin" time="10.050" errors="0" timestamp="2023-06-15T14:13:03 PKT" skipped="0">
  <testcase classname="com.apdr.testcases.AutherLogin" name="loginToApDr" time="10.050"/>
  <system-out/>
</testsuite> <!-- com.apdr.testcases.AutherLogin -->
