<?xml version="1.0" encoding="UTF-8"?>
<!-- Generated by org.testng.reporters.JUnitReportReporter -->
<testsuite hostname="ISBLT-9310" failures="0" tests="4" name="com.apdr.testcases.BannerContent" time="7.979" errors="0" timestamp="2023-07-12T21:32:56 PKT" skipped="1">
  <testcase classname="com.apdr.testcases.BannerContent" name="hover_Over_Content_Button" time="2.037"/>
  <system-out/>
  <testcase classname="com.apdr.testcases.BannerContent" name="Banner_Title_Text" time="0.103"/>
  <system-out/>
  <testcase classname="com.apdr.testcases.BannerContent" name="click_On_Save_Button" time="5.839"/>
  <system-out/>
  <testcase classname="com.apdr.testcases.BannerContent" name="Banner_Link">
    <skipped/>
  </testcase> <!-- Banner_Link -->
  <system-out/>
</testsuite> <!-- com.apdr.testcases.BannerContent -->
