<?xml version="1.0" encoding="UTF-8"?>
<!-- Generated by org.testng.reporters.JUnitReportReporter -->
<testsuite hostname="ISBLT-9310" failures="0" tests="5" name="com.apdr.testcases.SingleNotifyuserContent" time="10.738" errors="0" timestamp="2023-06-22T15:54:51 PKT" skipped="0">
  <testcase classname="com.apdr.testcases.SingleNotifyuserContent" name="hover_Over_UserListing_Button" time="3.961"/>
  <system-out/>
  <testcase classname="com.apdr.testcases.SingleNotifyuserContent" name="Enter_Title_For_Search_User" time="0.093"/>
  <system-out/>
  <testcase classname="com.apdr.testcases.SingleNotifyuserContent" name="Filter_Selection" time="4.434"/>
  <system-out/>
  <testcase classname="com.apdr.testcases.SingleNotifyuserContent" name="Checkbox_Selection" time="2.122"/>
  <system-out/>
  <testcase classname="com.apdr.testcases.SingleNotifyuserContent" name="Click_On_Notification_Button" time="0.128"/>
  <system-out/>
</testsuite> <!-- com.apdr.testcases.SingleNotifyuserContent -->
