<?xml version="1.0" encoding="UTF-8"?>
<!-- Generated by org.testng.reporters.JUnitReportReporter -->
<testsuite hostname="ISBLT-9310" failures="0" tests="2" name="com.apdr.testcases.Importusers" time="1.645" errors="0" timestamp="2023-06-09T18:03:08 PKT" skipped="0">
  <testcase classname="com.apdr.testcases.Importusers" name="hover_Over_Import_Button" time="1.519"/>
  <system-out/>
  <testcase classname="com.apdr.testcases.Importusers" name="hover_Over_Import_file" time="0.126"/>
  <system-out/>
</testsuite> <!-- com.apdr.testcases.Importusers -->
