<?xml version="1.0" encoding="UTF-8"?>
<!-- Generated by org.testng.reporters.JUnitReportReporter -->
<testsuite hostname="ISBLT-9310" failures="0" tests="8" name="com.apdr.testcases.AddPhotoContent" time="23.892" errors="0" timestamp="2023-07-12T21:32:56 PKT" skipped="0">
  <testcase classname="com.apdr.testcases.AddPhotoContent" name="hover_Over_Content_Button" time="0.793"/>
  <system-out/>
  <testcase classname="com.apdr.testcases.AddPhotoContent" name="hover_Over_Content_Button" time="0.798"/>
  <system-out/>
  <testcase classname="com.apdr.testcases.AddPhotoContent" name="addPhotoContent" time="7.587"/>
  <system-out/>
  <testcase classname="com.apdr.testcases.AddPhotoContent" name="addPhotoContent" time="7.046"/>
  <system-out/>
  <testcase classname="com.apdr.testcases.AddPhotoContent" name="click_On_SaveButton" time="4.019"/>
  <system-out/>
  <testcase classname="com.apdr.testcases.AddPhotoContent" name="click_On_SaveButton" time="3.595"/>
  <system-out/>
  <testcase classname="com.apdr.testcases.AddPhotoContent" name="Photo_Verification" time="0.029"/>
  <system-out/>
  <testcase classname="com.apdr.testcases.AddPhotoContent" name="Photo_Verification" time="0.025"/>
  <system-out/>
</testsuite> <!-- com.apdr.testcases.AddPhotoContent -->
