<?xml version="1.0" encoding="UTF-8"?>
<!-- Generated by org.testng.reporters.JUnitReportReporter -->
<testsuite hostname="ISBLT-9310" failures="0" tests="1" name="com.apdr.testcases.HomeTestCases" time="0.387" errors="0" timestamp="2023-05-10T12:40:43 PKT" skipped="0">
  <testcase classname="com.apdr.testcases.HomeTestCases" name="select_Add_User_Option_From_Peoples_DropDown" time="0.387"/>
  <system-out/>
</testsuite> <!-- com.apdr.testcases.HomeTestCases -->
