<?xml version="1.0" encoding="UTF-8"?>
<!-- Generated by org.testng.reporters.JUnitReportReporter -->
<testsuite hostname="ISBLT-9310" failures="0" tests="9" name="com.apdr.testcases.RoleUpdateContent" time="24.500" errors="0" timestamp="2023-06-13T21:30:58 PKT" skipped="0">
  <testcase classname="com.apdr.testcases.RoleUpdateContent" name="hover_Over_UserListing_Button" time="1.847"/>
  <system-out/>
  <testcase classname="com.apdr.testcases.RoleUpdateContent" name="Enter_Title_For_Search_User" time="0.097"/>
  <system-out/>
  <testcase classname="com.apdr.testcases.RoleUpdateContent" name="Select_Value_From_Role_Dropdown" time="0.244"/>
  <system-out/>
  <testcase classname="com.apdr.testcases.RoleUpdateContent" name="Filter_Selection" time="3.652"/>
  <system-out/>
  <testcase classname="com.apdr.testcases.RoleUpdateContent" name="Grid_Selection" time="5.112"/>
  <system-out/>
  <testcase classname="com.apdr.testcases.RoleUpdateContent" name="Role_Tab" time="3.828"/>
  <system-out/>
  <testcase classname="com.apdr.testcases.RoleUpdateContent" name="PrevioiusRoleselection" time="3.073"/>
  <system-out/>
  <testcase classname="com.apdr.testcases.RoleUpdateContent" name="Updated_Role" time="3.066"/>
  <system-out/>
  <testcase classname="com.apdr.testcases.RoleUpdateContent" name="ConfirmBtn_Selection" time="3.581"/>
  <system-out/>
</testsuite> <!-- com.apdr.testcases.RoleUpdateContent -->
