<?xml version="1.0" encoding="UTF-8"?>
<!-- Generated by org.testng.reporters.JUnitReportReporter -->
<testsuite hostname="ISBLT-9310" failures="0" tests="7" name="com.apdr.testcases.DeletePhotoContent" time="9.720" errors="0" timestamp="2023-06-09T18:38:17 PKT" skipped="0">
  <testcase classname="com.apdr.testcases.DeletePhotoContent" name="hover_Over_Content_Button" time="1.291"/>
  <system-out/>
  <testcase classname="com.apdr.testcases.DeletePhotoContent" name="Enter_Title_For_Delete_NewStory_Content" time="0.082"/>
  <system-out/>
  <testcase classname="com.apdr.testcases.DeletePhotoContent" name="Select_Value_From_Content_Type" time="0.157"/>
  <system-out/>
  <testcase classname="com.apdr.testcases.DeletePhotoContent" name="Filter_Selection" time="4.199"/>
  <system-out/>
  <testcase classname="com.apdr.testcases.DeletePhotoContent" name="View_Selection" time="1.246"/>
  <system-out/>
  <testcase classname="com.apdr.testcases.DeletePhotoContent" name="Delete_Selection" time="1.183"/>
  <system-out/>
  <testcase classname="com.apdr.testcases.DeletePhotoContent" name="Banner_Deleted_Successfully" time="1.562"/>
  <system-out/>
</testsuite> <!-- com.apdr.testcases.DeletePhotoContent -->
