<?xml version="1.0" encoding="UTF-8"?>
<!-- Generated by org.testng.reporters.JUnitReportReporter -->
<testsuite hostname="ISBLT-9310" failures="0" tests="7" name="com.apdr.testcases.DeleteNewStoryContent" time="9.758" errors="0" timestamp="2023-06-09T18:38:17 PKT" skipped="0">
  <testcase classname="com.apdr.testcases.DeleteNewStoryContent" name="hover_Over_Content_Button" time="1.303"/>
  <system-out/>
  <testcase classname="com.apdr.testcases.DeleteNewStoryContent" name="Enter_Title_For_Delete_NewStory_Content" time="0.100"/>
  <system-out/>
  <testcase classname="com.apdr.testcases.DeleteNewStoryContent" name="Select_Value_From_Content_Type" time="0.235"/>
  <system-out/>
  <testcase classname="com.apdr.testcases.DeleteNewStoryContent" name="Filter_Selection" time="4.222"/>
  <system-out/>
  <testcase classname="com.apdr.testcases.DeleteNewStoryContent" name="View_Selection" time="1.171"/>
  <system-out/>
  <testcase classname="com.apdr.testcases.DeleteNewStoryContent" name="Delete_Selection" time="1.108"/>
  <system-out/>
  <testcase classname="com.apdr.testcases.DeleteNewStoryContent" name="Banner_Deleted_Successfully" time="1.619"/>
  <system-out/>
</testsuite> <!-- com.apdr.testcases.DeleteNewStoryContent -->
