<?xml version="1.0" encoding="UTF-8"?>
<!-- Generated by org.testng.reporters.JUnitReportReporter -->
<testsuite hostname="ISBLT-9310" failures="0" tests="7" name="com.apdr.testcases.InitialPasswordUser" time="104.964" errors="0" timestamp="2023-07-06T20:27:56 PKT" skipped="0">
  <testcase classname="com.apdr.testcases.InitialPasswordUser" name="OpenNewMailbox" time="20.574"/>
  <system-out/>
  <testcase classname="com.apdr.testcases.InitialPasswordUser" name="Enter_Email_Address" time="54.504"/>
  <system-out/>
  <testcase classname="com.apdr.testcases.InitialPasswordUser" name="Submit_Button" time="8.100"/>
  <system-out/>
  <testcase classname="com.apdr.testcases.InitialPasswordUser" name="OpenMailbox" time="12.806"/>
  <system-out/>
  <testcase classname="com.apdr.testcases.InitialPasswordUser" name="NewPass" time="0.122"/>
  <system-out/>
  <testcase classname="com.apdr.testcases.InitialPasswordUser" name="Confirm_Pass" time="2.079"/>
  <system-out/>
  <testcase classname="com.apdr.testcases.InitialPasswordUser" name="ResetSUbmit" time="6.779"/>
  <system-out/>
</testsuite> <!-- com.apdr.testcases.InitialPasswordUser -->
