<?xml version="1.0" encoding="UTF-8"?>
<!-- Generated by org.testng.reporters.JUnitReportReporter -->
<testsuite hostname="ISBLT-9310" failures="0" tests="7" name="com.apdr.testcases.Deletecontent" time="8.460" errors="0" timestamp="2023-06-09T18:38:17 PKT" skipped="0">
  <testcase classname="com.apdr.testcases.Deletecontent" name="hover_Over_Content_Button" time="1.049"/>
  <system-out/>
  <testcase classname="com.apdr.testcases.Deletecontent" name="Enter_Title_For_Delete_Content" time="0.065"/>
  <system-out/>
  <testcase classname="com.apdr.testcases.Deletecontent" name="Select_Value_From_Content_Type" time="0.119"/>
  <system-out/>
  <testcase classname="com.apdr.testcases.Deletecontent" name="Filter_Selection" time="3.897"/>
  <system-out/>
  <testcase classname="com.apdr.testcases.Deletecontent" name="View_Selection" time="0.821"/>
  <system-out/>
  <testcase classname="com.apdr.testcases.Deletecontent" name="Delete_Selection" time="1.039"/>
  <system-out/>
  <testcase classname="com.apdr.testcases.Deletecontent" name="Banner_Deleted_Successfully" time="1.470"/>
  <system-out/>
</testsuite> <!-- com.apdr.testcases.Deletecontent -->
