<?xml version="1.0" encoding="UTF-8"?>
<!-- Generated by org.testng.reporters.JUnitReportReporter -->
<testsuite hostname="ISBLT-9310" failures="0" tests="4" name="com.apdr.testcases.AddCustomerSupport" time="12.663" errors="0" timestamp="2023-07-12T21:32:56 PKT" skipped="0">
  <testcase classname="com.apdr.testcases.AddCustomerSupport" name="hover_Over_AddUser_Link" time="2.495"/>
  <system-out/>
  <testcase classname="com.apdr.testcases.AddCustomerSupport" name="add_Role_For_Users" time="0.193"/>
  <system-out/>
  <testcase classname="com.apdr.testcases.AddCustomerSupport" name="select_Users_role" time="2.212"/>
  <system-out/>
  <testcase classname="com.apdr.testcases.AddCustomerSupport" name="add_Org_Name_And_Org_Id" time="7.763"/>
  <system-out/>
</testsuite> <!-- com.apdr.testcases.AddCustomerSupport -->
