<?xml version="1.0" encoding="UTF-8"?>
<!-- Generated by org.testng.reporters.JUnitReportReporter -->
<testsuite hostname="ISBLT-9310" failures="0" tests="7" name="com.apdr.testcases.DeleteNewsAlertContent" time="9.680" errors="0" timestamp="2023-06-09T18:38:17 PKT" skipped="0">
  <testcase classname="com.apdr.testcases.DeleteNewsAlertContent" name="hover_Over_Content_Button" time="1.339"/>
  <system-out/>
  <testcase classname="com.apdr.testcases.DeleteNewsAlertContent" name="Enter_Title_For_Delete_NewsAlert_Content" time="0.066"/>
  <system-out/>
  <testcase classname="com.apdr.testcases.DeleteNewsAlertContent" name="Select_Value_From_Content_Type" time="0.127"/>
  <system-out/>
  <testcase classname="com.apdr.testcases.DeleteNewsAlertContent" name="Filter_Selection" time="4.678"/>
  <system-out/>
  <testcase classname="com.apdr.testcases.DeleteNewsAlertContent" name="View_Selection" time="0.904"/>
  <system-out/>
  <testcase classname="com.apdr.testcases.DeleteNewsAlertContent" name="Delete_Selection" time="1.057"/>
  <system-out/>
  <testcase classname="com.apdr.testcases.DeleteNewsAlertContent" name="Banner_Deleted_Successfully" time="1.509"/>
  <system-out/>
</testsuite> <!-- com.apdr.testcases.DeleteNewsAlertContent -->
