<?xml version="1.0" encoding="UTF-8"?>
<!-- Generated by org.testng.reporters.JUnitReportReporter -->
<testsuite hostname="ISBLT-9310" failures="0" tests="1" name="com.apdr.testcases.LogInTestCases" time="18.707" errors="0" timestamp="2023-07-12T21:32:56 PKT" skipped="0">
  <testcase classname="com.apdr.testcases.LogInTestCases" name="loginToApDr" time="18.707"/>
  <system-out/>
</testsuite> <!-- com.apdr.testcases.LogInTestCases -->
