<?xml version="1.0" encoding="UTF-8"?>
<!-- Generated by org.testng.reporters.JUnitReportReporter -->
<testsuite hostname="ISBLT-9310" failures="0" tests="7" name="com.apdr.testcases.DeleteAudioContent" time="10.792" errors="0" timestamp="2023-06-09T18:38:17 PKT" skipped="0">
  <testcase classname="com.apdr.testcases.DeleteAudioContent" name="hover_Over_Content_Button" time="1.241"/>
  <system-out/>
  <testcase classname="com.apdr.testcases.DeleteAudioContent" name="Enter_Title_For_Delete_NewStory_Content" time="0.075"/>
  <system-out/>
  <testcase classname="com.apdr.testcases.DeleteAudioContent" name="Select_Value_From_Content_Type" time="0.180"/>
  <system-out/>
  <testcase classname="com.apdr.testcases.DeleteAudioContent" name="Filter_Selection" time="3.926"/>
  <system-out/>
  <testcase classname="com.apdr.testcases.DeleteAudioContent" name="View_Selection" time="2.392"/>
  <system-out/>
  <testcase classname="com.apdr.testcases.DeleteAudioContent" name="Delete_Selection" time="1.352"/>
  <system-out/>
  <testcase classname="com.apdr.testcases.DeleteAudioContent" name="Banner_Deleted_Successfully" time="1.626"/>
  <system-out/>
</testsuite> <!-- com.apdr.testcases.DeleteAudioContent -->
