<?xml version="1.0" encoding="UTF-8"?>
<!-- Generated by org.testng.reporters.JUnitReportReporter -->
<testsuite hostname="ISBLT-9310" failures="0" tests="7" name="com.apdr.testcases.RevertNewsAlertContent" time="17.061" errors="0" timestamp="2023-07-04T19:08:16 PKT" skipped="0">
  <testcase classname="com.apdr.testcases.RevertNewsAlertContent" name="hover_Over_Content_Button" time="2.561"/>
  <system-out/>
  <testcase classname="com.apdr.testcases.RevertNewsAlertContent" name="Enter_Title_For_Delete_NewsAlert_Content" time="0.099"/>
  <system-out/>
  <testcase classname="com.apdr.testcases.RevertNewsAlertContent" name="Select_Value_From_Content_Type" time="0.249"/>
  <system-out/>
  <testcase classname="com.apdr.testcases.RevertNewsAlertContent" name="Filter_Selection" time="3.797"/>
  <system-out/>
  <testcase classname="com.apdr.testcases.RevertNewsAlertContent" name="View_Selection" time="2.709"/>
  <system-out/>
  <testcase classname="com.apdr.testcases.RevertNewsAlertContent" name="Click_on_Revert" time="5.597"/>
  <system-out/>
  <testcase classname="com.apdr.testcases.RevertNewsAlertContent" name="Check_Final_Text" time="2.049"/>
  <system-out/>
</testsuite> <!-- com.apdr.testcases.RevertNewsAlertContent -->
