<?xml version="1.0" encoding="UTF-8"?>
<!-- Generated by org.testng.reporters.JUnitReportReporter -->
<testsuite hostname="ISBLT-9310" failures="0" tests="16" name="com.apdr.testcases.AddVideoContent" time="47.064" errors="0" timestamp="2023-07-12T21:32:56 PKT" skipped="0">
  <testcase classname="com.apdr.testcases.AddVideoContent" name="hover_Over_Content_Button" time="1.325"/>
  <system-out/>
  <testcase classname="com.apdr.testcases.AddVideoContent" name="hover_Over_Content_Button" time="0.744"/>
  <system-out/>
  <testcase classname="com.apdr.testcases.AddVideoContent" name="addVideoContent" time="0.929"/>
  <system-out/>
  <testcase classname="com.apdr.testcases.AddVideoContent" name="addVideoContent" time="1.086"/>
  <system-out/>
  <testcase classname="com.apdr.testcases.AddVideoContent" name="add_Slug_Headline_Source_For_Video" time="0.219"/>
  <system-out/>
  <testcase classname="com.apdr.testcases.AddVideoContent" name="add_Slug_Headline_Source_For_Video" time="0.203"/>
  <system-out/>
  <testcase classname="com.apdr.testcases.AddVideoContent" name="addVideoFile" time="5.042"/>
  <system-out/>
  <testcase classname="com.apdr.testcases.AddVideoContent" name="addVideoFile" time="5.049"/>
  <system-out/>
  <testcase classname="com.apdr.testcases.AddVideoContent" name="add_Body_For_Video" time="10.130"/>
  <system-out/>
  <testcase classname="com.apdr.testcases.AddVideoContent" name="add_Body_For_Video" time="10.109"/>
  <system-out/>
  <testcase classname="com.apdr.testcases.AddVideoContent" name="clickOnSaveButton" time="5.932"/>
  <system-out/>
  <testcase classname="com.apdr.testcases.AddVideoContent" name="clickOnSaveButton" time="6.175"/>
  <system-out/>
  <testcase classname="com.apdr.testcases.AddVideoContent" name="Video_File_Verification" time="0.025"/>
  <system-out/>
  <testcase classname="com.apdr.testcases.AddVideoContent" name="Video_File_Verification" time="0.027"/>
  <system-out/>
  <testcase classname="com.apdr.testcases.AddVideoContent" name="Verify_Title" time="0.032"/>
  <system-out/>
  <testcase classname="com.apdr.testcases.AddVideoContent" name="Verify_Title" time="0.037"/>
  <system-out/>
</testsuite> <!-- com.apdr.testcases.AddVideoContent -->
