<?xml version="1.0" encoding="UTF-8"?>
<!-- Generated by org.testng.reporters.JUnitReportReporter -->
<testsuite hostname="ISBLT-9310" failures="0" tests="3" name="com.apdr.testcases.Adduploadcsvcontent" time="10.236" errors="0" timestamp="2023-06-09T18:03:08 PKT" skipped="0">
  <testcase classname="com.apdr.testcases.Adduploadcsvcontent" name="hover_Over_Content_Button" time="1.881"/>
  <system-out/>
  <testcase classname="com.apdr.testcases.Adduploadcsvcontent" name="addFiletest" time="0.192"/>
  <system-out/>
  <testcase classname="com.apdr.testcases.Adduploadcsvcontent" name="click_On_SaveButton" time="8.163"/>
  <system-out/>
</testsuite> <!-- com.apdr.testcases.Adduploadcsvcontent -->
