<?xml version="1.0" encoding="UTF-8"?>
<!-- Generated by org.testng.reporters.JUnitReportReporter -->
<testsuite hostname="ISBLT-9310" failures="0" tests="9" name="com.apdr.testcases.DeleteContentListing" time="21.390" errors="0" timestamp="2023-06-20T18:04:47 PKT" skipped="0">
  <testcase classname="com.apdr.testcases.DeleteContentListing" name="hover_Over_UserListing_Button" time="2.940"/>
  <system-out/>
  <testcase classname="com.apdr.testcases.DeleteContentListing" name="Enter_Title_For_Search_User" time="0.098"/>
  <system-out/>
  <testcase classname="com.apdr.testcases.DeleteContentListing" name="Select_Value_From_Role_Dropdown" time="0.222"/>
  <system-out/>
  <testcase classname="com.apdr.testcases.DeleteContentListing" name="Filter_Selection" time="4.836"/>
  <system-out/>
  <testcase classname="com.apdr.testcases.DeleteContentListing" name="Checkbox_Selection" time="2.111"/>
  <system-out/>
  <testcase classname="com.apdr.testcases.DeleteContentListing" name="Actiondropdown_Selection" time="0.188"/>
  <system-out/>
  <testcase classname="com.apdr.testcases.DeleteContentListing" name="ApplyItem_Selection" time="4.303"/>
  <system-out/>
  <testcase classname="com.apdr.testcases.DeleteContentListing" name="DeleteAccount_Selection" time="2.101"/>
  <system-out/>
  <testcase classname="com.apdr.testcases.DeleteContentListing" name="ConfirmBtn_Selection" time="4.591"/>
  <system-out/>
</testsuite> <!-- com.apdr.testcases.DeleteContentListing -->
